<?xml version="1.0" encoding="UTF-8"?>
<!-- Generated by org.testng.reporters.JUnitXMLReporter -->
<testsuite hostname="ChetankumarsMBP.lan" name="Default test" tests="3" failures="0" timestamp="20 Sep 2019 20:40:04 GMT" time="12.912" errors="0">
  <testcase name="verifyHeadNavForAllPages" time="1.143" classname="LST.Lst.LandingPageTest"/>
  <testcase name="verifyLandingPageAttributes" time="5.851" classname="LST.Lst.LandingPageTest"/>
  <testcase name="clickOnLogin" time="1.108" classname="LST.Lst.LandingPageTest"/>
</testsuite> <!-- Default test -->
